New folder/app/build/intermediates/manifest_merge_blame_file/debug/processDebugMainManifest/manifest-merger-blame-debug-report.txt
1<?xml version="1.0" encoding="utf-8"?>
2<manifest xmlns:android="http://schemas.android.com/apk/res/android"
3    package="com.example.madfinalproject"
4    android:versionCode="1"
5    android:versionName="1.0" >
6
7    <uses-sdk
8        android:minSdkVersion="24"
9        android:targetSdkVersion="34" />
10
11    <uses-permission android:name="android.permission.INTERNET" />
11-->src\main\AndroidManifest.xml:5:5-67
11-->src\main\AndroidManifest.xml:5:22-64
12    <uses-permission android:name="android.permission.ACCESS_NETWORK_STATE" />
12-->src\main\AndroidManifest.xml:6:5-79
12-->src\main\AndroidManifest.xml:6:22-76
13    <uses-permission android:name="android.permission.ACCESS_FINE_LOCATION" />
13-->src\main\AndroidManifest.xml:7:5-79
13-->src\main\AndroidManifest.xml:7:22-76
14    <uses-permission android:name="android.permission.ACCESS_COARSE_LOCATION" />
14-->src\main\AndroidManifest.xml:8:5-81
14-->src\main\AndroidManifest.xml:8:22-78
15
16    <uses-feature
16-->[com.google.android.gms:play-services-maps:19.0.0] AndroidManifest.xml:26:5-28:35
17        android:glEsVersion="0x00020000"
17-->[com.google.android.gms:play-services-maps:19.0.0] AndroidManifest.xml:27:9-41
18        android:required="true" />
18-->[com.google.android.gms:play-services-maps:19.0.0] AndroidManifest.xml:28:9-32
19
20    <queries>
20-->[com.google.android.gms:play-services-maps:19.0.0] AndroidManifest.xml:30:5-34:15
21
22        <!-- Needs to be explicitly declared on Android R+ -->
23        <package android:name="com.google.android.apps.maps" />
23-->[com.google.android.gms:play-services-maps:19.0.0] AndroidManifest.xml:33:9-64
23-->[com.google.android.gms:play-services-maps:19.0.0] AndroidManifest.xml:33:18-61
24    </queries>
25
26    <permission
26-->[androidx.core:core:1.13.0] AndroidManifest.xml:22:5-24:47
27        android:name="com.example.madfinalproject.DYNAMIC_RECEIVER_NOT_EXPORTED_PERMISSION"
27-->[androidx.core:core:1.13.0] AndroidManifest.xml:23:9-81
28        android:protectionLevel="signature" />
28-->[androidx.core:core:1.13.0] AndroidManifest.xml:24:9-44
29
30    <uses-permission android:name="com.example.madfinalproject.DYNAMIC_RECEIVER_NOT_EXPORTED_PERMISSION" />
30-->[androidx.core:core:1.13.0] AndroidManifest.xml:26:5-97
30-->[androidx.core:core:1.13.0] AndroidManifest.xml:26:22-94
31
32    <application
32-->src\main\AndroidManifest.xml:10:5-122:19
33        android:allowBackup="true"
33-->src\main\AndroidManifest.xml:11:9-35
34        android:appComponentFactory="androidx.core.app.CoreComponentFactory"
34-->[androidx.core:core:1.13.0] AndroidManifest.xml:28:18-86
35        android:dataExtractionRules="@xml/data_extraction_rules"
35-->src\main\AndroidManifest.xml:12:9-65
36        android:debuggable="true"
37        android:extractNativeLibs="false"
38        android:fullBackupContent="@xml/backup_rules"
38-->src\main\AndroidManifest.xml:13:9-54
39        android:icon="@mipmap/ic_launcher"
39-->src\main\AndroidManifest.xml:14:9-43
40        android:label="@string/app_name"
40-->src\main\AndroidManifest.xml:15:9-41
41        android:roundIcon="@mipmap/ic_launcher_round"
41-->src\main\AndroidManifest.xml:16:9-54
42        android:supportsRtl="true"
42-->src\main\AndroidManifest.xml:17:9-35
43        android:testOnly="true"
44        android:theme="@style/Theme.MADFinalProject" >
44-->src\main\AndroidManifest.xml:18:9-53
45        <activity
45-->src\main\AndroidManifest.xml:20:9-22:40
46            android:name="com.example.madfinalproject.ViewBranchOnMapActivity"
46-->src\main\AndroidManifest.xml:21:13-52
47            android:exported="false" />
47-->src\main\AndroidManifest.xml:22:13-37
48        <activity
48-->src\main\AndroidManifest.xml:23:9-25:40
49            android:name="com.example.madfinalproject.BranchShowingActivity"
49-->src\main\AndroidManifest.xml:24:13-50
50            android:exported="false" />
50-->src\main\AndroidManifest.xml:25:13-37
51        <!--
52             TODO: Before you run your application, you need a Google Maps API key.
53
54             To get one, follow the directions here:
55
56                https://developers.google.com/maps/documentation/android-sdk/get-api-key
57
58             Once you have your API key (it starts with "AIza"), define a new property in your
59             project's local.properties file (e.g. MAPS_API_KEY=Aiza...), and replace the
60             "YOUR_API_KEY" string in this file with "${MAPS_API_KEY}".
61        -->
62        <meta-data
62-->src\main\AndroidManifest.xml:37:9-39:71
63            android:name="com.google.android.geo.API_KEY"
63-->src\main\AndroidManifest.xml:38:13-58
64            android:value="AIzaSyC9LSOhwjGOoGOAx-XhRsXPDEDJ-Yh7NlU" />
64-->src\main\AndroidManifest.xml:39:13-68
65
66        <activity
66-->src\main\AndroidManifest.xml:41:9-43:40
67            android:name="com.example.madfinalproject.SetMapLocationActivity"
67-->src\main\AndroidManifest.xml:42:13-51
68            android:exported="false" />
68-->src\main\AndroidManifest.xml:43:13-37
69        <activity
69-->src\main\AndroidManifest.xml:44:9-46:40
70            android:name="com.example.madfinalproject.AddUserActivity"
70-->src\main\AndroidManifest.xml:45:13-44
71            android:exported="false" />
71-->src\main\AndroidManifest.xml:46:13-37
72        <activity
72-->src\main\AndroidManifest.xml:47:9-49:40
73            android:name="com.example.madfinalproject.StudentNotificationActivity"
73-->src\main\AndroidManifest.xml:48:13-56
74            android:exported="false" />
74-->src\main\AndroidManifest.xml:49:13-37
75        <activity
75-->src\main\AndroidManifest.xml:50:9-52:40
76            android:name="com.example.madfinalproject.StudentProfileActivity"
76-->src\main\AndroidManifest.xml:51:13-51
77            android:exported="false" />
77-->src\main\AndroidManifest.xml:52:13-37
78        <activity
78-->src\main\AndroidManifest.xml:53:9-55:40
79            android:name="com.example.madfinalproject.StudentViewBranchActivity"
79-->src\main\AndroidManifest.xml:54:13-54
80            android:exported="false" />
80-->src\main\AndroidManifest.xml:55:13-37
81        <activity
81-->src\main\AndroidManifest.xml:56:9-58:40
82            android:name="com.example.madfinalproject.ProfileActivity"
82-->src\main\AndroidManifest.xml:57:13-44
83            android:exported="false" />
83-->src\main\AndroidManifest.xml:58:13-37
84        <activity
84-->src\main\AndroidManifest.xml:59:9-61:40
85            android:name="com.example.madfinalproject.StudentViewCourseActivity"
85-->src\main\AndroidManifest.xml:60:13-54
86            android:exported="false" />
86-->src\main\AndroidManifest.xml:61:13-37
87        <activity
87-->src\main\AndroidManifest.xml:62:9-64:40
88            android:name="com.example.madfinalproject.RegistrationSuccessfulyActivity"
88-->src\main\AndroidManifest.xml:63:13-60
89            android:exported="false" />
89-->src\main\AndroidManifest.xml:64:13-37
90        <activity
90-->src\main\AndroidManifest.xml:65:9-67:40
91            android:name="com.example.madfinalproject.UploadImageActivity"
91-->src\main\AndroidManifest.xml:66:13-48
92            android:exported="false" />
92-->src\main\AndroidManifest.xml:67:13-37
93        <activity
93-->src\main\AndroidManifest.xml:68:9-70:40
94            android:name="com.example.madfinalproject.ViewStudentActivity"
94-->src\main\AndroidManifest.xml:69:13-48
95            android:exported="false" />
95-->src\main\AndroidManifest.xml:70:13-37
96        <activity
96-->src\main\AndroidManifest.xml:71:9-73:40
97            android:name="com.example.madfinalproject.NotificationActivity"
97-->src\main\AndroidManifest.xml:72:13-49
98            android:exported="false" />
98-->src\main\AndroidManifest.xml:73:13-37
99        <activity
99-->src\main\AndroidManifest.xml:74:9-76:40
100            android:name="com.example.madfinalproject.ViewBranchActivity"
100-->src\main\AndroidManifest.xml:75:13-47
101            android:exported="false" />
101-->src\main\AndroidManifest.xml:76:13-37
102        <activity
102-->src\main\AndroidManifest.xml:77:9-79:40
103            android:name="com.example.madfinalproject.ViewCourseActivity"
103-->src\main\AndroidManifest.xml:78:13-47
104            android:exported="false" />
104-->src\main\AndroidManifest.xml:79:13-37
105        <activity
105-->src\main\AndroidManifest.xml:80:9-82:40
106            android:name="com.example.madfinalproject.CourseRegistrationActivity"
106-->src\main\AndroidManifest.xml:81:13-55
107            android:exported="false" />
107-->src\main\AndroidManifest.xml:82:13-37
108        <activity
108-->src\main\AndroidManifest.xml:83:9-85:40
109            android:name="com.example.madfinalproject.CreateBranchActivity"
109-->src\main\AndroidManifest.xml:84:13-49
110            android:exported="false" />
110-->src\main\AndroidManifest.xml:85:13-37
111        <activity
111-->src\main\AndroidManifest.xml:86:9-88:40
112            android:name="com.example.madfinalproject.AddCourseActivity"
112-->src\main\AndroidManifest.xml:87:13-46
113            android:exported="false" />
113-->src\main\AndroidManifest.xml:88:13-37
114        <activity
114-->src\main\AndroidManifest.xml:89:9-91:40
115            android:name="com.example.madfinalproject.AdminHomeActivity"
115-->src\main\AndroidManifest.xml:90:13-46
116            android:exported="false" />
116-->src\main\AndroidManifest.xml:91:13-37
117        <activity
117-->src\main\AndroidManifest.xml:92:9-94:40
118            android:name="com.example.madfinalproject.GuestHomeActivity"
118-->src\main\AndroidManifest.xml:93:13-46
119            android:exported="false" />
119-->src\main\AndroidManifest.xml:94:13-37
120        <activity
120-->src\main\AndroidManifest.xml:95:9-97:40
121            android:name="com.example.madfinalproject.ChangePasswordSuccessfullyActivity"
121-->src\main\AndroidManifest.xml:96:13-63
122            android:exported="false" />
122-->src\main\AndroidManifest.xml:97:13-37
123        <activity
123-->src\main\AndroidManifest.xml:98:9-100:40
124            android:name="com.example.madfinalproject.EnterNewPasswordActivity"
124-->src\main\AndroidManifest.xml:99:13-53
125            android:exported="false" />
125-->src\main\AndroidManifest.xml:100:13-37
126        <activity
126-->src\main\AndroidManifest.xml:101:9-103:40
127            android:name="com.example.madfinalproject.FogetPasswordActivity"
127-->src\main\AndroidManifest.xml:102:13-50
128            android:exported="false" />
128-->src\main\AndroidManifest.xml:103:13-37
129        <activity
129-->src\main\AndroidManifest.xml:104:9-106:40
130            android:name="com.example.madfinalproject.LoginActivity"
130-->src\main\AndroidManifest.xml:105:13-42
131            android:exported="false" />
131-->src\main\AndroidManifest.xml:106:13-37
132        <activity
132-->src\main\AndroidManifest.xml:107:9-109:40
133            android:name="com.example.madfinalproject.MainFormActivity"
133-->src\main\AndroidManifest.xml:108:13-45
134            android:exported="false" />
134-->src\main\AndroidManifest.xml:109:13-37
135        <activity
135-->src\main\AndroidManifest.xml:110:9-112:40
136            android:name="com.example.madfinalproject.SignInActivity"
136-->src\main\AndroidManifest.xml:111:13-43
137            android:exported="false" />
137-->src\main\AndroidManifest.xml:112:13-37
138        <activity
138-->src\main\AndroidManifest.xml:113:9-121:20
139            android:name="com.example.madfinalproject.MainActivity"
139-->src\main\AndroidManifest.xml:114:13-41
140            android:exported="true" >
140-->src\main\AndroidManifest.xml:115:13-36
141            <intent-filter>
141-->src\main\AndroidManifest.xml:116:13-120:29
142                <action android:name="android.intent.action.MAIN" />
142-->src\main\AndroidManifest.xml:117:17-69
142-->src\main\AndroidManifest.xml:117:25-66
143
144                <category android:name="android.intent.category.LAUNCHER" />
144-->src\main\AndroidManifest.xml:119:17-77
144-->src\main\AndroidManifest.xml:119:27-74
145            </intent-filter>
146        </activity>
147        <activity
147-->[com.karumi:dexter:6.2.3] AndroidManifest.xml:27:9-29:72
148            android:name="com.karumi.dexter.DexterActivity"
148-->[com.karumi:dexter:6.2.3] AndroidManifest.xml:28:13-60
149            android:theme="@style/Dexter.Internal.Theme.Transparent" /> <!-- Needs to be explicitly declared on P+ -->
149-->[com.karumi:dexter:6.2.3] AndroidManifest.xml:29:13-69
150        <uses-library
150-->[com.google.android.gms:play-services-maps:19.0.0] AndroidManifest.xml:39:9-41:40
151            android:name="org.apache.http.legacy"
151-->[com.google.android.gms:play-services-maps:19.0.0] AndroidManifest.xml:40:13-50
152            android:required="false" />
152-->[com.google.android.gms:play-services-maps:19.0.0] AndroidManifest.xml:41:13-37
153
154        <service
154-->[com.google.firebase:firebase-firestore:25.1.1] AndroidManifest.xml:14:9-23:19
155            android:name="com.google.firebase.components.ComponentDiscoveryService"
155-->[com.google.firebase:firebase-firestore:25.1.1] AndroidManifest.xml:15:13-84
156            android:directBootAware="true"
156-->[com.google.firebase:firebase-common:21.0.0] AndroidManifest.xml:32:13-43
157            android:exported="false" >
157-->[com.google.firebase:firebase-firestore:25.1.1] AndroidManifest.xml:16:13-37
158            <meta-data
158-->[com.google.firebase:firebase-firestore:25.1.1] AndroidManifest.xml:17:13-19:85
159                android:name="com.google.firebase.components:com.google.firebase.firestore.FirebaseFirestoreKtxRegistrar"
159-->[com.google.firebase:firebase-firestore:25.1.1] AndroidManifest.xml:18:17-122
160                android:value="com.google.firebase.components.ComponentRegistrar" />
160-->[com.google.firebase:firebase-firestore:25.1.1] AndroidManifest.xml:19:17-82
161            <meta-data
161-->[com.google.firebase:firebase-firestore:25.1.1] AndroidManifest.xml:20:13-22:85
162                android:name="com.google.firebase.components:com.google.firebase.firestore.FirestoreRegistrar"
162-->[com.google.firebase:firebase-firestore:25.1.1] AndroidManifest.xml:21:17-111
163                android:value="com.google.firebase.components.ComponentRegistrar" />
163-->[com.google.firebase:firebase-firestore:25.1.1] AndroidManifest.xml:22:17-82
164            <meta-data
164-->[com.google.firebase:firebase-common-ktx:21.0.0] AndroidManifest.xml:12:13-14:85
165                android:name="com.google.firebase.components:com.google.firebase.ktx.FirebaseCommonLegacyRegistrar"
165-->[com.google.firebase:firebase-common-ktx:21.0.0] AndroidManifest.xml:13:17-116
166                android:value="com.google.firebase.components.ComponentRegistrar" />
166-->[com.google.firebase:firebase-common-ktx:21.0.0] AndroidManifest.xml:14:17-82
167            <meta-data
167-->[com.google.firebase:firebase-common:21.0.0] AndroidManifest.xml:35:13-37:85
168                android:name="com.google.firebase.components:com.google.firebase.FirebaseCommonKtxRegistrar"
168-->[com.google.firebase:firebase-common:21.0.0] AndroidManifest.xml:36:17-109
169                android:value="com.google.firebase.components.ComponentRegistrar" />
169-->[com.google.firebase:firebase-common:21.0.0] AndroidManifest.xml:37:17-82
170        </service>
171
172        <activity
172-->[com.google.android.gms:play-services-base:18.5.0] AndroidManifest.xml:5:9-173
173            android:name="com.google.android.gms.common.api.GoogleApiActivity"
173-->[com.google.android.gms:play-services-base:18.5.0] AndroidManifest.xml:5:19-85
174            android:exported="false"
174-->[com.google.android.gms:play-services-base:18.5.0] AndroidManifest.xml:5:146-170
175            android:theme="@android:style/Theme.Translucent.NoTitleBar" />
175-->[com.google.android.gms:play-services-base:18.5.0] AndroidManifest.xml:5:86-145
176
177        <provider
177-->[com.google.firebase:firebase-common:21.0.0] AndroidManifest.xml:23:9-28:39
178            android:name="com.google.firebase.provider.FirebaseInitProvider"
178-->[com.google.firebase:firebase-common:21.0.0] AndroidManifest.xml:24:13-77
179            android:authorities="com.example.madfinalproject.firebaseinitprovider"
179-->[com.google.firebase:firebase-common:21.0.0] AndroidManifest.xml:25:13-72
180            android:directBootAware="true"
180-->[com.google.firebase:firebase-common:21.0.0] AndroidManifest.xml:26:13-43
181            android:exported="false"
181-->[com.google.firebase:firebase-common:21.0.0] AndroidManifest.xml:27:13-37
182            android:initOrder="100" />
182-->[com.google.firebase:firebase-common:21.0.0] AndroidManifest.xml:28:13-36
183        <provider
183-->[androidx.emoji2:emoji2:1.3.0] AndroidManifest.xml:24:9-32:20
184            android:name="androidx.startup.InitializationProvider"
184-->[androidx.emoji2:emoji2:1.3.0] AndroidManifest.xml:25:13-67
185            android:authorities="com.example.madfinalproject.androidx-startup"
185-->[androidx.emoji2:emoji2:1.3.0] AndroidManifest.xml:26:13-68
186            android:exported="false" >
186-->[androidx.emoji2:emoji2:1.3.0] AndroidManifest.xml:27:13-37
187            <meta-data
187-->[androidx.emoji2:emoji2:1.3.0] AndroidManifest.xml:29:13-31:52
188                android:name="androidx.emoji2.text.EmojiCompatInitializer"
188-->[androidx.emoji2:emoji2:1.3.0] AndroidManifest.xml:30:17-75
189                android:value="androidx.startup" />
189-->[androidx.emoji2:emoji2:1.3.0] AndroidManifest.xml:31:17-49
190            <meta-data
190-->[androidx.lifecycle:lifecycle-process:2.6.2] AndroidManifest.xml:29:13-31:52
191                android:name="androidx.lifecycle.ProcessLifecycleInitializer"
191-->[androidx.lifecycle:lifecycle-process:2.6.2] AndroidManifest.xml:30:17-78
192                android:value="androidx.startup" />
192-->[androidx.lifecycle:lifecycle-process:2.6.2] AndroidManifest.xml:31:17-49
193            <meta-data
193-->[androidx.profileinstaller:profileinstaller:1.4.0] AndroidManifest.xml:29:13-31:52
194                android:name="androidx.profileinstaller.ProfileInstallerInitializer"
194-->[androidx.profileinstaller:profileinstaller:1.4.0] AndroidManifest.xml:30:17-85
195                android:value="androidx.startup" />
195-->[androidx.profileinstaller:profileinstaller:1.4.0] AndroidManifest.xml:31:17-49
196        </provider>
197
198        <meta-data
198-->[com.google.android.gms:play-services-basement:18.4.0] AndroidManifest.xml:6:9-122
199            android:name="com.google.android.gms.version"
199-->[com.google.android.gms:play-services-basement:18.4.0] AndroidManifest.xml:6:20-65
200            android:value="@integer/google_play_services_version" />
200-->[com.google.android.gms:play-services-basement:18.4.0] AndroidManifest.xml:6:66-119
201
202        <receiver
202-->[androidx.profileinstaller:profileinstaller:1.4.0] AndroidManifest.xml:34:9-52:20
203            android:name="androidx.profileinstaller.ProfileInstallReceiver"
203-->[androidx.profileinstaller:profileinstaller:1.4.0] AndroidManifest.xml:35:13-76
204            android:directBootAware="false"
204-->[androidx.profileinstaller:profileinstaller:1.4.0] AndroidManifest.xml:36:13-44
205            android:enabled="true"
205-->[androidx.profileinstaller:profileinstaller:1.4.0] AndroidManifest.xml:37:13-35
206            android:exported="true"
206-->[androidx.profileinstaller:profileinstaller:1.4.0] AndroidManifest.xml:38:13-36
207            android:permission="android.permission.DUMP" >
207-->[androidx.profileinstaller:profileinstaller:1.4.0] AndroidManifest.xml:39:13-57
208            <intent-filter>
208-->[androidx.profileinstaller:profileinstaller:1.4.0] AndroidManifest.xml:40:13-42:29
209                <action android:name="androidx.profileinstaller.action.INSTALL_PROFILE" />
209-->[androidx.profileinstaller:profileinstaller:1.4.0] AndroidManifest.xml:41:17-91
209-->[androidx.profileinstaller:profileinstaller:1.4.0] AndroidManifest.xml:41:25-88
210            </intent-filter>
211            <intent-filter>
211-->[androidx.profileinstaller:profileinstaller:1.4.0] AndroidManifest.xml:43:13-45:29
212                <action android:name="androidx.profileinstaller.action.SKIP_FILE" />
212-->[androidx.profileinstaller:profileinstaller:1.4.0] AndroidManifest.xml:44:17-85
212-->[androidx.profileinstaller:profileinstaller:1.4.0] AndroidManifest.xml:44:25-82
213            </intent-filter>
214            <intent-filter>
214-->[androidx.profileinstaller:profileinstaller:1.4.0] AndroidManifest.xml:46:13-48:29
215                <action android:name="androidx.profileinstaller.action.SAVE_PROFILE" />
215-->[androidx.profileinstaller:profileinstaller:1.4.0] AndroidManifest.xml:47:17-88
215-->[androidx.profileinstaller:profileinstaller:1.4.0] AndroidManifest.xml:47:25-85
216            </intent-filter>
217            <intent-filter>
217-->[androidx.profileinstaller:profileinstaller:1.4.0] AndroidManifest.xml:49:13-51:29
218                <action android:name="androidx.profileinstaller.action.BENCHMARK_OPERATION" />
218-->[androidx.profileinstaller:profileinstaller:1.4.0] AndroidManifest.xml:50:17-95
218-->[androidx.profileinstaller:profileinstaller:1.4.0] AndroidManifest.xml:50:25-92
219            </intent-filter>
220        </receiver>
221    </application>
222
223</manifest>